<?xml version="1.0" encoding="UTF-8"?>
<!-- Generated by org.testng.reporters.JUnitReportReporter -->
<testsuite hostname="DESKTOP-HLKI2JH" failures="0" tests="1" name="com.crm.crm_hybridframework.logintest.LoginTests" time="0.951" errors="0" timestamp="9 Mar 2023 07:19:40 GMT">
  <testcase classname="com.crm.crm_hybridframework.logintest.LoginTests" name="test" time="0.951"/>
</testsuite> <!-- com.crm.crm_hybridframework.logintest.LoginTests -->
